<?xml version="1.0" encoding="UTF-8"?>
<!-- Generated by org.testng.reporters.JUnitReportReporter -->
<testsuite hostname="LAPTOP-PGKL6BCQ" failures="0" tests="2" name="ui.excelDataProvider" time="0.063" errors="0" timestamp="2021-03-17T20:22:18 PKT" skipped="0">
  <testcase classname="ui.excelDataProvider" name="test" time="0.061"/>
  <system-out/>
  <testcase classname="ui.excelDataProvider" name="test" time="0.002"/>
  <system-out/>
</testsuite> <!-- ui.excelDataProvider -->
